[2017-12-20 17:01:37,368] INFO Reading configuration from: ./code/kafka/kafka_2.12-1.0.0/config/zookeeper.properties (org.apache.zookeeper.server.quorum.QuorumPeerConfig)
[2017-12-20 17:01:37,372] INFO autopurge.snapRetainCount set to 3 (org.apache.zookeeper.server.DatadirCleanupManager)
[2017-12-20 17:01:37,372] INFO autopurge.purgeInterval set to 0 (org.apache.zookeeper.server.DatadirCleanupManager)
[2017-12-20 17:01:37,372] INFO Purge task is not scheduled. (org.apache.zookeeper.server.DatadirCleanupManager)
[2017-12-20 17:01:37,372] WARN Either no config or no quorum defined in config, running  in standalone mode (org.apache.zookeeper.server.quorum.QuorumPeerMain)
[2017-12-20 17:01:37,414] INFO Reading configuration from: ./code/kafka/kafka_2.12-1.0.0/config/zookeeper.properties (org.apache.zookeeper.server.quorum.QuorumPeerConfig)
[2017-12-20 17:01:37,416] INFO Starting server (org.apache.zookeeper.server.ZooKeeperServerMain)
[2017-12-20 17:01:37,478] INFO Server environment:zookeeper.version=3.4.10-39d3a4f269333c922ed3db283be479f9deacaa0f, built on 03/23/2017 10:13 GMT (org.apache.zookeeper.server.ZooKeeperServer)
[2017-12-20 17:01:37,478] INFO Server environment:host.name=k8s-cluster (org.apache.zookeeper.server.ZooKeeperServer)
[2017-12-20 17:01:37,479] INFO Server environment:java.version=1.8.0_151 (org.apache.zookeeper.server.ZooKeeperServer)
[2017-12-20 17:01:37,479] INFO Server environment:java.vendor=Oracle Corporation (org.apache.zookeeper.server.ZooKeeperServer)
[2017-12-20 17:01:37,479] INFO Server environment:java.home=/usr/lib/jvm/java-1.8.0-openjdk-1.8.0.151-1.b12.el7_4.x86_64/jre (org.apache.zookeeper.server.ZooKeeperServer)
[2017-12-20 17:01:37,479] INFO Server environment:java.class.path=:/root/code/kafka/kafka_2.12-1.0.0/bin/../libs/aopalliance-repackaged-2.5.0-b32.jar:/root/code/kafka/kafka_2.12-1.0.0/bin/../libs/argparse4j-0.7.0.jar:/root/code/kafka/kafka_2.12-1.0.0/bin/../libs/commons-lang3-3.5.jar:/root/code/kafka/kafka_2.12-1.0.0/bin/../libs/connect-api-1.0.0.jar:/root/code/kafka/kafka_2.12-1.0.0/bin/../libs/connect-file-1.0.0.jar:/root/code/kafka/kafka_2.12-1.0.0/bin/../libs/connect-json-1.0.0.jar:/root/code/kafka/kafka_2.12-1.0.0/bin/../libs/connect-runtime-1.0.0.jar:/root/code/kafka/kafka_2.12-1.0.0/bin/../libs/connect-transforms-1.0.0.jar:/root/code/kafka/kafka_2.12-1.0.0/bin/../libs/guava-20.0.jar:/root/code/kafka/kafka_2.12-1.0.0/bin/../libs/hk2-api-2.5.0-b32.jar:/root/code/kafka/kafka_2.12-1.0.0/bin/../libs/hk2-locator-2.5.0-b32.jar:/root/code/kafka/kafka_2.12-1.0.0/bin/../libs/hk2-utils-2.5.0-b32.jar:/root/code/kafka/kafka_2.12-1.0.0/bin/../libs/jackson-annotations-2.9.1.jar:/root/code/kafka/kafka_2.12-1.0.0/bin/../libs/jackson-core-2.9.1.jar:/root/code/kafka/kafka_2.12-1.0.0/bin/../libs/jackson-databind-2.9.1.jar:/root/code/kafka/kafka_2.12-1.0.0/bin/../libs/jackson-jaxrs-base-2.9.1.jar:/root/code/kafka/kafka_2.12-1.0.0/bin/../libs/jackson-jaxrs-json-provider-2.9.1.jar:/root/code/kafka/kafka_2.12-1.0.0/bin/../libs/jackson-module-jaxb-annotations-2.9.1.jar:/root/code/kafka/kafka_2.12-1.0.0/bin/../libs/javassist-3.20.0-GA.jar:/root/code/kafka/kafka_2.12-1.0.0/bin/../libs/javassist-3.21.0-GA.jar:/root/code/kafka/kafka_2.12-1.0.0/bin/../libs/javax.annotation-api-1.2.jar:/root/code/kafka/kafka_2.12-1.0.0/bin/../libs/javax.inject-1.jar:/root/code/kafka/kafka_2.12-1.0.0/bin/../libs/javax.inject-2.5.0-b32.jar:/root/code/kafka/kafka_2.12-1.0.0/bin/../libs/javax.servlet-api-3.1.0.jar:/root/code/kafka/kafka_2.12-1.0.0/bin/../libs/javax.ws.rs-api-2.0.1.jar:/root/code/kafka/kafka_2.12-1.0.0/bin/../libs/jersey-client-2.25.1.jar:/root/code/kafka/kafka_2.12-1.0.0/bin/../libs/jersey-common-2.25.1.jar:/root/code/kafka/kafka_2.12-1.0.0/bin/../libs/jersey-container-servlet-2.25.1.jar:/root/code/kafka/kafka_2.12-1.0.0/bin/../libs/jersey-container-servlet-core-2.25.1.jar:/root/code/kafka/kafka_2.12-1.0.0/bin/../libs/jersey-guava-2.25.1.jar:/root/code/kafka/kafka_2.12-1.0.0/bin/../libs/jersey-media-jaxb-2.25.1.jar:/root/code/kafka/kafka_2.12-1.0.0/bin/../libs/jersey-server-2.25.1.jar:/root/code/kafka/kafka_2.12-1.0.0/bin/../libs/jetty-continuation-9.2.22.v20170606.jar:/root/code/kafka/kafka_2.12-1.0.0/bin/../libs/jetty-http-9.2.22.v20170606.jar:/root/code/kafka/kafka_2.12-1.0.0/bin/../libs/jetty-io-9.2.22.v20170606.jar:/root/code/kafka/kafka_2.12-1.0.0/bin/../libs/jetty-security-9.2.22.v20170606.jar:/root/code/kafka/kafka_2.12-1.0.0/bin/../libs/jetty-server-9.2.22.v20170606.jar:/root/code/kafka/kafka_2.12-1.0.0/bin/../libs/jetty-servlet-9.2.22.v20170606.jar:/root/code/kafka/kafka_2.12-1.0.0/bin/../libs/jetty-servlets-9.2.22.v20170606.jar:/root/code/kafka/kafka_2.12-1.0.0/bin/../libs/jetty-util-9.2.22.v20170606.jar:/root/code/kafka/kafka_2.12-1.0.0/bin/../libs/jopt-simple-5.0.4.jar:/root/code/kafka/kafka_2.12-1.0.0/bin/../libs/kafka_2.12-1.0.0.jar:/root/code/kafka/kafka_2.12-1.0.0/bin/../libs/kafka_2.12-1.0.0-sources.jar:/root/code/kafka/kafka_2.12-1.0.0/bin/../libs/kafka_2.12-1.0.0-test-sources.jar:/root/code/kafka/kafka_2.12-1.0.0/bin/../libs/kafka-clients-1.0.0.jar:/root/code/kafka/kafka_2.12-1.0.0/bin/../libs/kafka-log4j-appender-1.0.0.jar:/root/code/kafka/kafka_2.12-1.0.0/bin/../libs/kafka-streams-1.0.0.jar:/root/code/kafka/kafka_2.12-1.0.0/bin/../libs/kafka-streams-examples-1.0.0.jar:/root/code/kafka/kafka_2.12-1.0.0/bin/../libs/kafka-tools-1.0.0.jar:/root/code/kafka/kafka_2.12-1.0.0/bin/../libs/log4j-1.2.17.jar:/root/code/kafka/kafka_2.12-1.0.0/bin/../libs/lz4-java-1.4.jar:/root/code/kafka/kafka_2.12-1.0.0/bin/../libs/maven-artifact-3.5.0.jar:/root/code/kafka/kafka_2.12-1.0.0/bin/../libs/metrics-core-2.2.0.jar:/root/code/kafka/kafka_2.12-1.0.0/bin/../libs/osgi-resource-locator-1.0.1.jar:/root/code/kafka/kafka_2.12-1.0.0/bin/../libs/plexus-utils-3.0.24.jar:/root/code/kafka/kafka_2.12-1.0.0/bin/../libs/reflections-0.9.11.jar:/root/code/kafka/kafka_2.12-1.0.0/bin/../libs/rocksdbjni-5.7.3.jar:/root/code/kafka/kafka_2.12-1.0.0/bin/../libs/scala-library-2.12.3.jar:/root/code/kafka/kafka_2.12-1.0.0/bin/../libs/slf4j-api-1.7.25.jar:/root/code/kafka/kafka_2.12-1.0.0/bin/../libs/slf4j-log4j12-1.7.25.jar:/root/code/kafka/kafka_2.12-1.0.0/bin/../libs/snappy-java-1.1.4.jar:/root/code/kafka/kafka_2.12-1.0.0/bin/../libs/validation-api-1.1.0.Final.jar:/root/code/kafka/kafka_2.12-1.0.0/bin/../libs/zkclient-0.10.jar:/root/code/kafka/kafka_2.12-1.0.0/bin/../libs/zookeeper-3.4.10.jar (org.apache.zookeeper.server.ZooKeeperServer)
[2017-12-20 17:01:37,480] INFO Server environment:java.library.path=/usr/java/packages/lib/amd64:/usr/lib64:/lib64:/lib:/usr/lib (org.apache.zookeeper.server.ZooKeeperServer)
[2017-12-20 17:01:37,480] INFO Server environment:java.io.tmpdir=/tmp (org.apache.zookeeper.server.ZooKeeperServer)
[2017-12-20 17:01:37,481] INFO Server environment:java.compiler=<NA> (org.apache.zookeeper.server.ZooKeeperServer)
[2017-12-20 17:01:37,481] INFO Server environment:os.name=Linux (org.apache.zookeeper.server.ZooKeeperServer)
[2017-12-20 17:01:37,481] INFO Server environment:os.arch=amd64 (org.apache.zookeeper.server.ZooKeeperServer)
[2017-12-20 17:01:37,481] INFO Server environment:os.version=3.10.0-693.el7.x86_64 (org.apache.zookeeper.server.ZooKeeperServer)
[2017-12-20 17:01:37,481] INFO Server environment:user.name=root (org.apache.zookeeper.server.ZooKeeperServer)
[2017-12-20 17:01:37,482] INFO Server environment:user.home=/root (org.apache.zookeeper.server.ZooKeeperServer)
[2017-12-20 17:01:37,482] INFO Server environment:user.dir=/root (org.apache.zookeeper.server.ZooKeeperServer)
[2017-12-20 17:01:37,495] INFO tickTime set to 3000 (org.apache.zookeeper.server.ZooKeeperServer)
[2017-12-20 17:01:37,495] INFO minSessionTimeout set to -1 (org.apache.zookeeper.server.ZooKeeperServer)
[2017-12-20 17:01:37,495] INFO maxSessionTimeout set to -1 (org.apache.zookeeper.server.ZooKeeperServer)
[2017-12-20 17:01:37,506] INFO binding to port 0.0.0.0/0.0.0.0:2181 (org.apache.zookeeper.server.NIOServerCnxnFactory)
[2017-12-20 17:08:38,612] INFO KafkaConfig values: 
	advertised.host.name = null
	advertised.listeners = PLAINTEXT://192.168.228.135:9092
	advertised.port = null
	alter.config.policy.class.name = null
	authorizer.class.name = 
	auto.create.topics.enable = true
	auto.leader.rebalance.enable = true
	background.threads = 10
	broker.id = 0
	broker.id.generation.enable = true
	broker.rack = null
	compression.type = producer
	connections.max.idle.ms = 600000
	controlled.shutdown.enable = true
	controlled.shutdown.max.retries = 3
	controlled.shutdown.retry.backoff.ms = 5000
	controller.socket.timeout.ms = 30000
	create.topic.policy.class.name = null
	default.replication.factor = 1
	delete.records.purgatory.purge.interval.requests = 1
	delete.topic.enable = true
	fetch.purgatory.purge.interval.requests = 1000
	group.initial.rebalance.delay.ms = 0
	group.max.session.timeout.ms = 300000
	group.min.session.timeout.ms = 6000
	host.name = 
	inter.broker.listener.name = null
	inter.broker.protocol.version = 1.0-IV0
	leader.imbalance.check.interval.seconds = 300
	leader.imbalance.per.broker.percentage = 10
	listener.security.protocol.map = PLAINTEXT:PLAINTEXT,SSL:SSL,SASL_PLAINTEXT:SASL_PLAINTEXT,SASL_SSL:SASL_SSL
	listeners = PLAINTEXT://192.168.228.135:9092
	log.cleaner.backoff.ms = 15000
	log.cleaner.dedupe.buffer.size = 134217728
	log.cleaner.delete.retention.ms = 86400000
	log.cleaner.enable = true
	log.cleaner.io.buffer.load.factor = 0.9
	log.cleaner.io.buffer.size = 524288
	log.cleaner.io.max.bytes.per.second = 1.7976931348623157E308
	log.cleaner.min.cleanable.ratio = 0.5
	log.cleaner.min.compaction.lag.ms = 0
	log.cleaner.threads = 1
	log.cleanup.policy = [delete]
	log.dir = /tmp/kafka-logs
	log.dirs = /var/log/kafka-logs
	log.flush.interval.messages = 9223372036854775807
	log.flush.interval.ms = null
	log.flush.offset.checkpoint.interval.ms = 60000
	log.flush.scheduler.interval.ms = 9223372036854775807
	log.flush.start.offset.checkpoint.interval.ms = 60000
	log.index.interval.bytes = 4096
	log.index.size.max.bytes = 10485760
	log.message.format.version = 1.0-IV0
	log.message.timestamp.difference.max.ms = 9223372036854775807
	log.message.timestamp.type = CreateTime
	log.preallocate = false
	log.retention.bytes = -1
	log.retention.check.interval.ms = 300000
	log.retention.hours = 168
	log.retention.minutes = null
	log.retention.ms = null
	log.roll.hours = 168
	log.roll.jitter.hours = 0
	log.roll.jitter.ms = null
	log.roll.ms = null
	log.segment.bytes = 1073741824
	log.segment.delete.delay.ms = 60000
	max.connections.per.ip = 2147483647
	max.connections.per.ip.overrides = 
	message.max.bytes = 1000012
	metric.reporters = []
	metrics.num.samples = 2
	metrics.recording.level = INFO
	metrics.sample.window.ms = 30000
	min.insync.replicas = 1
	num.io.threads = 8
	num.network.threads = 3
	num.partitions = 1
	num.recovery.threads.per.data.dir = 1
	num.replica.fetchers = 1
	offset.metadata.max.bytes = 4096
	offsets.commit.required.acks = -1
	offsets.commit.timeout.ms = 5000
	offsets.load.buffer.size = 5242880
	offsets.retention.check.interval.ms = 600000
	offsets.retention.minutes = 1440
	offsets.topic.compression.codec = 0
	offsets.topic.num.partitions = 50
	offsets.topic.replication.factor = 1
	offsets.topic.segment.bytes = 104857600
	port = 9092
	principal.builder.class = null
	producer.purgatory.purge.interval.requests = 1000
	queued.max.request.bytes = -1
	queued.max.requests = 500
	quota.consumer.default = 9223372036854775807
	quota.producer.default = 9223372036854775807
	quota.window.num = 11
	quota.window.size.seconds = 1
	replica.fetch.backoff.ms = 1000
	replica.fetch.max.bytes = 1048576
	replica.fetch.min.bytes = 1
	replica.fetch.response.max.bytes = 10485760
	replica.fetch.wait.max.ms = 500
	replica.high.watermark.checkpoint.interval.ms = 5000
	replica.lag.time.max.ms = 10000
	replica.socket.receive.buffer.bytes = 65536
	replica.socket.timeout.ms = 30000
	replication.quota.window.num = 11
	replication.quota.window.size.seconds = 1
	request.timeout.ms = 30000
	reserved.broker.max.id = 1000
	sasl.enabled.mechanisms = [GSSAPI]
	sasl.kerberos.kinit.cmd = /usr/bin/kinit
	sasl.kerberos.min.time.before.relogin = 60000
	sasl.kerberos.principal.to.local.rules = [DEFAULT]
	sasl.kerberos.service.name = null
	sasl.kerberos.ticket.renew.jitter = 0.05
	sasl.kerberos.ticket.renew.window.factor = 0.8
	sasl.mechanism.inter.broker.protocol = GSSAPI
	security.inter.broker.protocol = PLAINTEXT
	socket.receive.buffer.bytes = 102400
	socket.request.max.bytes = 104857600
	socket.send.buffer.bytes = 102400
	ssl.cipher.suites = null
	ssl.client.auth = none
	ssl.enabled.protocols = [TLSv1.2, TLSv1.1, TLSv1]
	ssl.endpoint.identification.algorithm = null
	ssl.key.password = null
	ssl.keymanager.algorithm = SunX509
	ssl.keystore.location = null
	ssl.keystore.password = null
	ssl.keystore.type = JKS
	ssl.protocol = TLS
	ssl.provider = null
	ssl.secure.random.implementation = null
	ssl.trustmanager.algorithm = PKIX
	ssl.truststore.location = null
	ssl.truststore.password = null
	ssl.truststore.type = JKS
	transaction.abort.timed.out.transaction.cleanup.interval.ms = 60000
	transaction.max.timeout.ms = 900000
	transaction.remove.expired.transaction.cleanup.interval.ms = 3600000
	transaction.state.log.load.buffer.size = 5242880
	transaction.state.log.min.isr = 1
	transaction.state.log.num.partitions = 50
	transaction.state.log.replication.factor = 1
	transaction.state.log.segment.bytes = 104857600
	transactional.id.expiration.ms = 604800000
	unclean.leader.election.enable = false
	zookeeper.connect = 192.168.228.135:2181
	zookeeper.connection.timeout.ms = 6000
	zookeeper.session.timeout.ms = 6000
	zookeeper.set.acl = false
	zookeeper.sync.time.ms = 2000
 (kafka.server.KafkaConfig)
[2017-12-20 17:08:38,724] INFO starting (kafka.server.KafkaServer)
[2017-12-20 17:08:38,727] INFO Connecting to zookeeper on 192.168.228.135:2181 (kafka.server.KafkaServer)
[2017-12-20 17:08:38,742] INFO Starting ZkClient event thread. (org.I0Itec.zkclient.ZkEventThread)
[2017-12-20 17:08:38,800] INFO Client environment:zookeeper.version=3.4.10-39d3a4f269333c922ed3db283be479f9deacaa0f, built on 03/23/2017 10:13 GMT (org.apache.zookeeper.ZooKeeper)
[2017-12-20 17:08:38,801] INFO Client environment:host.name=k8s-cluster (org.apache.zookeeper.ZooKeeper)
[2017-12-20 17:08:38,801] INFO Client environment:java.version=1.8.0_151 (org.apache.zookeeper.ZooKeeper)
[2017-12-20 17:08:38,801] INFO Client environment:java.vendor=Oracle Corporation (org.apache.zookeeper.ZooKeeper)
[2017-12-20 17:08:38,801] INFO Client environment:java.home=/usr/lib/jvm/java-1.8.0-openjdk-1.8.0.151-1.b12.el7_4.x86_64/jre (org.apache.zookeeper.ZooKeeper)
[2017-12-20 17:08:38,802] INFO Client environment:java.class.path=:/root/code/kafka/kafka_2.12-1.0.0/bin/../libs/aopalliance-repackaged-2.5.0-b32.jar:/root/code/kafka/kafka_2.12-1.0.0/bin/../libs/argparse4j-0.7.0.jar:/root/code/kafka/kafka_2.12-1.0.0/bin/../libs/commons-lang3-3.5.jar:/root/code/kafka/kafka_2.12-1.0.0/bin/../libs/connect-api-1.0.0.jar:/root/code/kafka/kafka_2.12-1.0.0/bin/../libs/connect-file-1.0.0.jar:/root/code/kafka/kafka_2.12-1.0.0/bin/../libs/connect-json-1.0.0.jar:/root/code/kafka/kafka_2.12-1.0.0/bin/../libs/connect-runtime-1.0.0.jar:/root/code/kafka/kafka_2.12-1.0.0/bin/../libs/connect-transforms-1.0.0.jar:/root/code/kafka/kafka_2.12-1.0.0/bin/../libs/guava-20.0.jar:/root/code/kafka/kafka_2.12-1.0.0/bin/../libs/hk2-api-2.5.0-b32.jar:/root/code/kafka/kafka_2.12-1.0.0/bin/../libs/hk2-locator-2.5.0-b32.jar:/root/code/kafka/kafka_2.12-1.0.0/bin/../libs/hk2-utils-2.5.0-b32.jar:/root/code/kafka/kafka_2.12-1.0.0/bin/../libs/jackson-annotations-2.9.1.jar:/root/code/kafka/kafka_2.12-1.0.0/bin/../libs/jackson-core-2.9.1.jar:/root/code/kafka/kafka_2.12-1.0.0/bin/../libs/jackson-databind-2.9.1.jar:/root/code/kafka/kafka_2.12-1.0.0/bin/../libs/jackson-jaxrs-base-2.9.1.jar:/root/code/kafka/kafka_2.12-1.0.0/bin/../libs/jackson-jaxrs-json-provider-2.9.1.jar:/root/code/kafka/kafka_2.12-1.0.0/bin/../libs/jackson-module-jaxb-annotations-2.9.1.jar:/root/code/kafka/kafka_2.12-1.0.0/bin/../libs/javassist-3.20.0-GA.jar:/root/code/kafka/kafka_2.12-1.0.0/bin/../libs/javassist-3.21.0-GA.jar:/root/code/kafka/kafka_2.12-1.0.0/bin/../libs/javax.annotation-api-1.2.jar:/root/code/kafka/kafka_2.12-1.0.0/bin/../libs/javax.inject-1.jar:/root/code/kafka/kafka_2.12-1.0.0/bin/../libs/javax.inject-2.5.0-b32.jar:/root/code/kafka/kafka_2.12-1.0.0/bin/../libs/javax.servlet-api-3.1.0.jar:/root/code/kafka/kafka_2.12-1.0.0/bin/../libs/javax.ws.rs-api-2.0.1.jar:/root/code/kafka/kafka_2.12-1.0.0/bin/../libs/jersey-client-2.25.1.jar:/root/code/kafka/kafka_2.12-1.0.0/bin/../libs/jersey-common-2.25.1.jar:/root/code/kafka/kafka_2.12-1.0.0/bin/../libs/jersey-container-servlet-2.25.1.jar:/root/code/kafka/kafka_2.12-1.0.0/bin/../libs/jersey-container-servlet-core-2.25.1.jar:/root/code/kafka/kafka_2.12-1.0.0/bin/../libs/jersey-guava-2.25.1.jar:/root/code/kafka/kafka_2.12-1.0.0/bin/../libs/jersey-media-jaxb-2.25.1.jar:/root/code/kafka/kafka_2.12-1.0.0/bin/../libs/jersey-server-2.25.1.jar:/root/code/kafka/kafka_2.12-1.0.0/bin/../libs/jetty-continuation-9.2.22.v20170606.jar:/root/code/kafka/kafka_2.12-1.0.0/bin/../libs/jetty-http-9.2.22.v20170606.jar:/root/code/kafka/kafka_2.12-1.0.0/bin/../libs/jetty-io-9.2.22.v20170606.jar:/root/code/kafka/kafka_2.12-1.0.0/bin/../libs/jetty-security-9.2.22.v20170606.jar:/root/code/kafka/kafka_2.12-1.0.0/bin/../libs/jetty-server-9.2.22.v20170606.jar:/root/code/kafka/kafka_2.12-1.0.0/bin/../libs/jetty-servlet-9.2.22.v20170606.jar:/root/code/kafka/kafka_2.12-1.0.0/bin/../libs/jetty-servlets-9.2.22.v20170606.jar:/root/code/kafka/kafka_2.12-1.0.0/bin/../libs/jetty-util-9.2.22.v20170606.jar:/root/code/kafka/kafka_2.12-1.0.0/bin/../libs/jopt-simple-5.0.4.jar:/root/code/kafka/kafka_2.12-1.0.0/bin/../libs/kafka_2.12-1.0.0.jar:/root/code/kafka/kafka_2.12-1.0.0/bin/../libs/kafka_2.12-1.0.0-sources.jar:/root/code/kafka/kafka_2.12-1.0.0/bin/../libs/kafka_2.12-1.0.0-test-sources.jar:/root/code/kafka/kafka_2.12-1.0.0/bin/../libs/kafka-clients-1.0.0.jar:/root/code/kafka/kafka_2.12-1.0.0/bin/../libs/kafka-log4j-appender-1.0.0.jar:/root/code/kafka/kafka_2.12-1.0.0/bin/../libs/kafka-streams-1.0.0.jar:/root/code/kafka/kafka_2.12-1.0.0/bin/../libs/kafka-streams-examples-1.0.0.jar:/root/code/kafka/kafka_2.12-1.0.0/bin/../libs/kafka-tools-1.0.0.jar:/root/code/kafka/kafka_2.12-1.0.0/bin/../libs/log4j-1.2.17.jar:/root/code/kafka/kafka_2.12-1.0.0/bin/../libs/lz4-java-1.4.jar:/root/code/kafka/kafka_2.12-1.0.0/bin/../libs/maven-artifact-3.5.0.jar:/root/code/kafka/kafka_2.12-1.0.0/bin/../libs/metrics-core-2.2.0.jar:/root/code/kafka/kafka_2.12-1.0.0/bin/../libs/osgi-resource-locator-1.0.1.jar:/root/code/kafka/kafka_2.12-1.0.0/bin/../libs/plexus-utils-3.0.24.jar:/root/code/kafka/kafka_2.12-1.0.0/bin/../libs/reflections-0.9.11.jar:/root/code/kafka/kafka_2.12-1.0.0/bin/../libs/rocksdbjni-5.7.3.jar:/root/code/kafka/kafka_2.12-1.0.0/bin/../libs/scala-library-2.12.3.jar:/root/code/kafka/kafka_2.12-1.0.0/bin/../libs/slf4j-api-1.7.25.jar:/root/code/kafka/kafka_2.12-1.0.0/bin/../libs/slf4j-log4j12-1.7.25.jar:/root/code/kafka/kafka_2.12-1.0.0/bin/../libs/snappy-java-1.1.4.jar:/root/code/kafka/kafka_2.12-1.0.0/bin/../libs/validation-api-1.1.0.Final.jar:/root/code/kafka/kafka_2.12-1.0.0/bin/../libs/zkclient-0.10.jar:/root/code/kafka/kafka_2.12-1.0.0/bin/../libs/zookeeper-3.4.10.jar (org.apache.zookeeper.ZooKeeper)
[2017-12-20 17:08:38,803] INFO Client environment:java.library.path=/usr/java/packages/lib/amd64:/usr/lib64:/lib64:/lib:/usr/lib (org.apache.zookeeper.ZooKeeper)
[2017-12-20 17:08:38,803] INFO Client environment:java.io.tmpdir=/tmp (org.apache.zookeeper.ZooKeeper)
[2017-12-20 17:08:38,803] INFO Client environment:java.compiler=<NA> (org.apache.zookeeper.ZooKeeper)
[2017-12-20 17:08:38,803] INFO Client environment:os.name=Linux (org.apache.zookeeper.ZooKeeper)
[2017-12-20 17:08:38,803] INFO Client environment:os.arch=amd64 (org.apache.zookeeper.ZooKeeper)
[2017-12-20 17:08:38,803] INFO Client environment:os.version=3.10.0-693.el7.x86_64 (org.apache.zookeeper.ZooKeeper)
[2017-12-20 17:08:38,803] INFO Client environment:user.name=root (org.apache.zookeeper.ZooKeeper)
[2017-12-20 17:08:38,803] INFO Client environment:user.home=/root (org.apache.zookeeper.ZooKeeper)
[2017-12-20 17:08:38,804] INFO Client environment:user.dir=/root/code/kafka/kafka_2.12-1.0.0 (org.apache.zookeeper.ZooKeeper)
[2017-12-20 17:08:38,805] INFO Initiating client connection, connectString=192.168.228.135:2181 sessionTimeout=6000 watcher=org.I0Itec.zkclient.ZkClient@78e117e3 (org.apache.zookeeper.ZooKeeper)
[2017-12-20 17:08:38,822] INFO Waiting for keeper state SyncConnected (org.I0Itec.zkclient.ZkClient)
[2017-12-20 17:08:38,824] INFO Opening socket connection to server 192.168.228.135/192.168.228.135:2181. Will not attempt to authenticate using SASL (unknown error) (org.apache.zookeeper.ClientCnxn)
[2017-12-20 17:08:38,829] INFO Socket connection established to 192.168.228.135/192.168.228.135:2181, initiating session (org.apache.zookeeper.ClientCnxn)
[2017-12-20 17:08:38,831] INFO Accepted socket connection from /192.168.228.135:44926 (org.apache.zookeeper.server.NIOServerCnxnFactory)
[2017-12-20 17:08:38,844] INFO Client attempting to establish new session at /192.168.228.135:44926 (org.apache.zookeeper.server.ZooKeeperServer)
[2017-12-20 17:08:38,851] INFO Creating new log file: log.1 (org.apache.zookeeper.server.persistence.FileTxnLog)
[2017-12-20 17:08:38,864] INFO Established session 0x16073b173b00000 with negotiated timeout 6000 for client /192.168.228.135:44926 (org.apache.zookeeper.server.ZooKeeperServer)
[2017-12-20 17:08:38,870] INFO Session establishment complete on server 192.168.228.135/192.168.228.135:2181, sessionid = 0x16073b173b00000, negotiated timeout = 6000 (org.apache.zookeeper.ClientCnxn)
[2017-12-20 17:08:38,876] INFO zookeeper state changed (SyncConnected) (org.I0Itec.zkclient.ZkClient)
[2017-12-20 17:08:38,958] INFO Got user-level KeeperException when processing sessionid:0x16073b173b00000 type:create cxid:0x5 zxid:0x3 txntype:-1 reqpath:n/a Error Path:/brokers Error:KeeperErrorCode = NoNode for /brokers (org.apache.zookeeper.server.PrepRequestProcessor)
[2017-12-20 17:08:38,971] INFO Got user-level KeeperException when processing sessionid:0x16073b173b00000 type:create cxid:0xb zxid:0x7 txntype:-1 reqpath:n/a Error Path:/config Error:KeeperErrorCode = NoNode for /config (org.apache.zookeeper.server.PrepRequestProcessor)
[2017-12-20 17:08:38,988] INFO Got user-level KeeperException when processing sessionid:0x16073b173b00000 type:create cxid:0x13 zxid:0xc txntype:-1 reqpath:n/a Error Path:/admin Error:KeeperErrorCode = NoNode for /admin (org.apache.zookeeper.server.PrepRequestProcessor)
[2017-12-20 17:08:39,152] INFO Got user-level KeeperException when processing sessionid:0x16073b173b00000 type:create cxid:0x1f zxid:0x13 txntype:-1 reqpath:n/a Error Path:/cluster Error:KeeperErrorCode = NoNode for /cluster (org.apache.zookeeper.server.PrepRequestProcessor)
[2017-12-20 17:08:39,164] INFO Cluster ID = VyPHWwlnQPSRJtLjM7GfNQ (kafka.server.KafkaServer)
[2017-12-20 17:08:39,171] WARN No meta.properties file under dir /var/log/kafka-logs/meta.properties (kafka.server.BrokerMetadataCheckpoint)
[2017-12-20 17:08:39,229] INFO [ThrottledRequestReaper-Fetch]: Starting (kafka.server.ClientQuotaManager$ThrottledRequestReaper)
[2017-12-20 17:08:39,237] INFO [ThrottledRequestReaper-Produce]: Starting (kafka.server.ClientQuotaManager$ThrottledRequestReaper)
[2017-12-20 17:08:39,248] INFO [ThrottledRequestReaper-Request]: Starting (kafka.server.ClientQuotaManager$ThrottledRequestReaper)
[2017-12-20 17:08:39,316] INFO Log directory '/var/log/kafka-logs' not found, creating it. (kafka.log.LogManager)
[2017-12-20 17:08:39,328] INFO Loading logs. (kafka.log.LogManager)
[2017-12-20 17:08:39,340] INFO Logs loading complete in 12 ms. (kafka.log.LogManager)
[2017-12-20 17:08:39,670] INFO Starting log cleanup with a period of 300000 ms. (kafka.log.LogManager)
[2017-12-20 17:08:39,679] INFO Starting log flusher with a default period of 9223372036854775807 ms. (kafka.log.LogManager)
[2017-12-20 17:08:40,220] INFO Awaiting socket connections on 192.168.228.135:9092. (kafka.network.Acceptor)
[2017-12-20 17:08:40,226] INFO [SocketServer brokerId=0] Started 1 acceptor threads (kafka.network.SocketServer)
[2017-12-20 17:08:40,251] INFO [ExpirationReaper-0-Produce]: Starting (kafka.server.DelayedOperationPurgatory$ExpiredOperationReaper)
[2017-12-20 17:08:40,252] INFO [ExpirationReaper-0-Fetch]: Starting (kafka.server.DelayedOperationPurgatory$ExpiredOperationReaper)
[2017-12-20 17:08:40,254] INFO [ExpirationReaper-0-DeleteRecords]: Starting (kafka.server.DelayedOperationPurgatory$ExpiredOperationReaper)
[2017-12-20 17:08:40,276] INFO [LogDirFailureHandler]: Starting (kafka.server.ReplicaManager$LogDirFailureHandler)
[2017-12-20 17:08:40,338] INFO [ExpirationReaper-0-topic]: Starting (kafka.server.DelayedOperationPurgatory$ExpiredOperationReaper)
[2017-12-20 17:08:40,342] INFO [ExpirationReaper-0-Heartbeat]: Starting (kafka.server.DelayedOperationPurgatory$ExpiredOperationReaper)
[2017-12-20 17:08:40,343] INFO [ExpirationReaper-0-Rebalance]: Starting (kafka.server.DelayedOperationPurgatory$ExpiredOperationReaper)
[2017-12-20 17:08:40,353] INFO Creating /controller (is it secure? false) (kafka.utils.ZKCheckedEphemeral)
[2017-12-20 17:08:40,361] INFO Result of znode creation is: OK (kafka.utils.ZKCheckedEphemeral)
[2017-12-20 17:08:40,362] INFO [GroupCoordinator 0]: Starting up. (kafka.coordinator.group.GroupCoordinator)
[2017-12-20 17:08:40,363] INFO [GroupCoordinator 0]: Startup complete. (kafka.coordinator.group.GroupCoordinator)
[2017-12-20 17:08:40,371] INFO [GroupMetadataManager brokerId=0] Removed 0 expired offsets in 8 milliseconds. (kafka.coordinator.group.GroupMetadataManager)
[2017-12-20 17:08:40,374] INFO Got user-level KeeperException when processing sessionid:0x16073b173b00000 type:setData cxid:0x2b zxid:0x17 txntype:-1 reqpath:n/a Error Path:/controller_epoch Error:KeeperErrorCode = NoNode for /controller_epoch (org.apache.zookeeper.server.PrepRequestProcessor)
[2017-12-20 17:08:40,404] INFO [ProducerId Manager 0]: Acquired new producerId block (brokerId:0,blockStartProducerId:0,blockEndProducerId:999) by writing to Zk with path version 1 (kafka.coordinator.transaction.ProducerIdManager)
[2017-12-20 17:08:40,481] INFO [TransactionCoordinator id=0] Starting up. (kafka.coordinator.transaction.TransactionCoordinator)
[2017-12-20 17:08:40,489] INFO [TransactionCoordinator id=0] Startup complete. (kafka.coordinator.transaction.TransactionCoordinator)
[2017-12-20 17:08:40,490] INFO [Transaction Marker Channel Manager 0]: Starting (kafka.coordinator.transaction.TransactionMarkerChannelManager)
[2017-12-20 17:08:40,632] INFO Got user-level KeeperException when processing sessionid:0x16073b173b00000 type:delete cxid:0x4a zxid:0x1a txntype:-1 reqpath:n/a Error Path:/admin/preferred_replica_election Error:KeeperErrorCode = NoNode for /admin/preferred_replica_election (org.apache.zookeeper.server.PrepRequestProcessor)
[2017-12-20 17:08:40,641] INFO Creating /brokers/ids/0 (is it secure? false) (kafka.utils.ZKCheckedEphemeral)
[2017-12-20 17:08:40,657] INFO Got user-level KeeperException when processing sessionid:0x16073b173b00000 type:create cxid:0x4b zxid:0x1b txntype:-1 reqpath:n/a Error Path:/brokers Error:KeeperErrorCode = NodeExists for /brokers (org.apache.zookeeper.server.PrepRequestProcessor)
[2017-12-20 17:08:40,658] INFO Got user-level KeeperException when processing sessionid:0x16073b173b00000 type:create cxid:0x4c zxid:0x1c txntype:-1 reqpath:n/a Error Path:/brokers/ids Error:KeeperErrorCode = NodeExists for /brokers/ids (org.apache.zookeeper.server.PrepRequestProcessor)
[2017-12-20 17:08:40,663] INFO Result of znode creation is: OK (kafka.utils.ZKCheckedEphemeral)
[2017-12-20 17:08:40,665] INFO Registered broker 0 at path /brokers/ids/0 with addresses: EndPoint(192.168.228.135,9092,ListenerName(PLAINTEXT),PLAINTEXT) (kafka.utils.ZkUtils)
[2017-12-20 17:08:40,672] WARN No meta.properties file under dir /var/log/kafka-logs/meta.properties (kafka.server.BrokerMetadataCheckpoint)
[2017-12-20 17:08:40,725] INFO Kafka version : 1.0.0 (org.apache.kafka.common.utils.AppInfoParser)
[2017-12-20 17:08:40,725] INFO Kafka commitId : aaa7af6d4a11b29d (org.apache.kafka.common.utils.AppInfoParser)
[2017-12-20 17:08:40,731] INFO [KafkaServer id=0] started (kafka.server.KafkaServer)
[2017-12-20 17:09:45,300] INFO Terminating process due to signal SIGINT (kafka.Kafka$)
[2017-12-20 17:09:45,302] INFO [KafkaServer id=0] shutting down (kafka.server.KafkaServer)
[2017-12-20 17:09:45,304] INFO [KafkaServer id=0] Starting controlled shutdown (kafka.server.KafkaServer)
[2017-12-20 17:09:45,322] INFO [KafkaServer id=0] Controlled shutdown succeeded (kafka.server.KafkaServer)
[2017-12-20 17:09:45,334] INFO [SocketServer brokerId=0] Shutting down (kafka.network.SocketServer)
[2017-12-20 17:09:45,353] INFO [SocketServer brokerId=0] Shutdown completed (kafka.network.SocketServer)
[2017-12-20 17:09:45,355] INFO [Kafka Request Handler on Broker 0], shutting down (kafka.server.KafkaRequestHandlerPool)
[2017-12-20 17:09:45,391] INFO [Kafka Request Handler on Broker 0], shut down completely (kafka.server.KafkaRequestHandlerPool)
[2017-12-20 17:09:45,395] INFO [ThrottledRequestReaper-Fetch]: Shutting down (kafka.server.ClientQuotaManager$ThrottledRequestReaper)
[2017-12-20 17:09:46,321] INFO [ThrottledRequestReaper-Fetch]: Shutdown completed (kafka.server.ClientQuotaManager$ThrottledRequestReaper)
[2017-12-20 17:09:46,321] INFO [ThrottledRequestReaper-Produce]: Shutting down (kafka.server.ClientQuotaManager$ThrottledRequestReaper)
[2017-12-20 17:09:46,321] INFO [ThrottledRequestReaper-Fetch]: Stopped (kafka.server.ClientQuotaManager$ThrottledRequestReaper)
[2017-12-20 17:09:46,328] INFO [ThrottledRequestReaper-Produce]: Stopped (kafka.server.ClientQuotaManager$ThrottledRequestReaper)
[2017-12-20 17:09:46,328] INFO [ThrottledRequestReaper-Produce]: Shutdown completed (kafka.server.ClientQuotaManager$ThrottledRequestReaper)
[2017-12-20 17:09:46,328] INFO [ThrottledRequestReaper-Request]: Shutting down (kafka.server.ClientQuotaManager$ThrottledRequestReaper)
[2017-12-20 17:09:46,331] INFO [ThrottledRequestReaper-Request]: Stopped (kafka.server.ClientQuotaManager$ThrottledRequestReaper)
[2017-12-20 17:09:46,331] INFO [ThrottledRequestReaper-Request]: Shutdown completed (kafka.server.ClientQuotaManager$ThrottledRequestReaper)
[2017-12-20 17:09:46,331] INFO [KafkaApi-0] Shutdown complete. (kafka.server.KafkaApis)
[2017-12-20 17:09:46,334] INFO [ExpirationReaper-0-topic]: Shutting down (kafka.server.DelayedOperationPurgatory$ExpiredOperationReaper)
[2017-12-20 17:09:46,424] INFO [ExpirationReaper-0-topic]: Stopped (kafka.server.DelayedOperationPurgatory$ExpiredOperationReaper)
[2017-12-20 17:09:46,425] INFO [ExpirationReaper-0-topic]: Shutdown completed (kafka.server.DelayedOperationPurgatory$ExpiredOperationReaper)
[2017-12-20 17:09:46,429] INFO [TransactionCoordinator id=0] Shutting down. (kafka.coordinator.transaction.TransactionCoordinator)
[2017-12-20 17:09:46,430] INFO [ProducerId Manager 0]: Shutdown complete: last producerId assigned 0 (kafka.coordinator.transaction.ProducerIdManager)
[2017-12-20 17:09:46,430] INFO [Transaction State Manager 0]: Shutdown complete (kafka.coordinator.transaction.TransactionStateManager)
[2017-12-20 17:09:46,430] INFO [Transaction Marker Channel Manager 0]: Shutting down (kafka.coordinator.transaction.TransactionMarkerChannelManager)
[2017-12-20 17:09:46,430] INFO [Transaction Marker Channel Manager 0]: Stopped (kafka.coordinator.transaction.TransactionMarkerChannelManager)
[2017-12-20 17:09:46,431] INFO [Transaction Marker Channel Manager 0]: Shutdown completed (kafka.coordinator.transaction.TransactionMarkerChannelManager)
[2017-12-20 17:09:46,431] INFO [TransactionCoordinator id=0] Shutdown complete. (kafka.coordinator.transaction.TransactionCoordinator)
[2017-12-20 17:09:46,432] INFO [GroupCoordinator 0]: Shutting down. (kafka.coordinator.group.GroupCoordinator)
[2017-12-20 17:09:46,432] INFO [ExpirationReaper-0-Heartbeat]: Shutting down (kafka.server.DelayedOperationPurgatory$ExpiredOperationReaper)
[2017-12-20 17:09:46,433] INFO [ExpirationReaper-0-Heartbeat]: Stopped (kafka.server.DelayedOperationPurgatory$ExpiredOperationReaper)
[2017-12-20 17:09:46,433] INFO [ExpirationReaper-0-Heartbeat]: Shutdown completed (kafka.server.DelayedOperationPurgatory$ExpiredOperationReaper)
[2017-12-20 17:09:46,433] INFO [ExpirationReaper-0-Rebalance]: Shutting down (kafka.server.DelayedOperationPurgatory$ExpiredOperationReaper)
[2017-12-20 17:09:46,451] INFO [ExpirationReaper-0-Rebalance]: Stopped (kafka.server.DelayedOperationPurgatory$ExpiredOperationReaper)
[2017-12-20 17:09:46,451] INFO [ExpirationReaper-0-Rebalance]: Shutdown completed (kafka.server.DelayedOperationPurgatory$ExpiredOperationReaper)
[2017-12-20 17:09:46,452] INFO [GroupCoordinator 0]: Shutdown complete. (kafka.coordinator.group.GroupCoordinator)
[2017-12-20 17:09:46,453] INFO [ReplicaManager broker=0] Shutting down (kafka.server.ReplicaManager)
[2017-12-20 17:09:46,453] INFO [LogDirFailureHandler]: Shutting down (kafka.server.ReplicaManager$LogDirFailureHandler)
[2017-12-20 17:09:46,453] INFO [LogDirFailureHandler]: Stopped (kafka.server.ReplicaManager$LogDirFailureHandler)
[2017-12-20 17:09:46,453] INFO [LogDirFailureHandler]: Shutdown completed (kafka.server.ReplicaManager$LogDirFailureHandler)
[2017-12-20 17:09:46,454] INFO [ReplicaFetcherManager on broker 0] shutting down (kafka.server.ReplicaFetcherManager)
[2017-12-20 17:09:46,456] INFO [ReplicaFetcherManager on broker 0] shutdown completed (kafka.server.ReplicaFetcherManager)
[2017-12-20 17:09:46,456] INFO [ExpirationReaper-0-Fetch]: Shutting down (kafka.server.DelayedOperationPurgatory$ExpiredOperationReaper)
[2017-12-20 17:09:46,471] INFO [ExpirationReaper-0-Fetch]: Shutdown completed (kafka.server.DelayedOperationPurgatory$ExpiredOperationReaper)
[2017-12-20 17:09:46,471] INFO [ExpirationReaper-0-Fetch]: Stopped (kafka.server.DelayedOperationPurgatory$ExpiredOperationReaper)
[2017-12-20 17:09:46,471] INFO [ExpirationReaper-0-Produce]: Shutting down (kafka.server.DelayedOperationPurgatory$ExpiredOperationReaper)
[2017-12-20 17:09:46,673] INFO [ExpirationReaper-0-Produce]: Stopped (kafka.server.DelayedOperationPurgatory$ExpiredOperationReaper)
[2017-12-20 17:09:46,674] INFO [ExpirationReaper-0-Produce]: Shutdown completed (kafka.server.DelayedOperationPurgatory$ExpiredOperationReaper)
[2017-12-20 17:09:46,674] INFO [ExpirationReaper-0-DeleteRecords]: Shutting down (kafka.server.DelayedOperationPurgatory$ExpiredOperationReaper)
[2017-12-20 17:09:46,734] INFO [ExpirationReaper-0-DeleteRecords]: Stopped (kafka.server.DelayedOperationPurgatory$ExpiredOperationReaper)
[2017-12-20 17:09:46,734] INFO [ExpirationReaper-0-DeleteRecords]: Shutdown completed (kafka.server.DelayedOperationPurgatory$ExpiredOperationReaper)
[2017-12-20 17:09:46,738] INFO [ReplicaManager broker=0] Shut down completely (kafka.server.ReplicaManager)
[2017-12-20 17:09:46,741] INFO Shutting down. (kafka.log.LogManager)
[2017-12-20 17:09:46,752] INFO Shutdown complete. (kafka.log.LogManager)
[2017-12-20 17:09:46,762] INFO Terminate ZkClient event thread. (org.I0Itec.zkclient.ZkEventThread)
[2017-12-20 17:09:46,764] INFO Processed session termination for sessionid: 0x16073b173b00000 (org.apache.zookeeper.server.PrepRequestProcessor)
[2017-12-20 17:09:46,790] INFO Session: 0x16073b173b00000 closed (org.apache.zookeeper.ZooKeeper)
[2017-12-20 17:09:46,790] INFO Closed socket connection for client /192.168.228.135:44926 which had sessionid 0x16073b173b00000 (org.apache.zookeeper.server.NIOServerCnxn)
[2017-12-20 17:09:46,794] INFO EventThread shut down for session: 0x16073b173b00000 (org.apache.zookeeper.ClientCnxn)
[2017-12-20 17:09:46,796] INFO [KafkaServer id=0] shut down completed (kafka.server.KafkaServer)
[2017-12-20 17:15:31,381] INFO Reading configuration from: ../config/zookeeper.properties (org.apache.zookeeper.server.quorum.QuorumPeerConfig)
[2017-12-20 17:15:31,386] INFO autopurge.snapRetainCount set to 3 (org.apache.zookeeper.server.DatadirCleanupManager)
[2017-12-20 17:15:31,386] INFO autopurge.purgeInterval set to 0 (org.apache.zookeeper.server.DatadirCleanupManager)
[2017-12-20 17:15:31,386] INFO Purge task is not scheduled. (org.apache.zookeeper.server.DatadirCleanupManager)
[2017-12-20 17:15:31,386] WARN Either no config or no quorum defined in config, running  in standalone mode (org.apache.zookeeper.server.quorum.QuorumPeerMain)
[2017-12-20 17:15:31,406] INFO Reading configuration from: ../config/zookeeper.properties (org.apache.zookeeper.server.quorum.QuorumPeerConfig)
[2017-12-20 17:15:31,407] INFO Starting server (org.apache.zookeeper.server.ZooKeeperServerMain)
[2017-12-20 17:15:31,503] INFO Server environment:zookeeper.version=3.4.10-39d3a4f269333c922ed3db283be479f9deacaa0f, built on 03/23/2017 10:13 GMT (org.apache.zookeeper.server.ZooKeeperServer)
[2017-12-20 17:15:31,503] INFO Server environment:host.name=k8s-cluster (org.apache.zookeeper.server.ZooKeeperServer)
[2017-12-20 17:15:31,503] INFO Server environment:java.version=1.8.0_151 (org.apache.zookeeper.server.ZooKeeperServer)
[2017-12-20 17:15:31,503] INFO Server environment:java.vendor=Oracle Corporation (org.apache.zookeeper.server.ZooKeeperServer)
[2017-12-20 17:15:31,503] INFO Server environment:java.home=/usr/lib/jvm/java-1.8.0-openjdk-1.8.0.151-1.b12.el7_4.x86_64/jre (org.apache.zookeeper.server.ZooKeeperServer)
[2017-12-20 17:15:31,504] INFO Server environment:java.class.path=:/root/code/kafka/kafka_2.12-1.0.0/bin/../libs/aopalliance-repackaged-2.5.0-b32.jar:/root/code/kafka/kafka_2.12-1.0.0/bin/../libs/argparse4j-0.7.0.jar:/root/code/kafka/kafka_2.12-1.0.0/bin/../libs/commons-lang3-3.5.jar:/root/code/kafka/kafka_2.12-1.0.0/bin/../libs/connect-api-1.0.0.jar:/root/code/kafka/kafka_2.12-1.0.0/bin/../libs/connect-file-1.0.0.jar:/root/code/kafka/kafka_2.12-1.0.0/bin/../libs/connect-json-1.0.0.jar:/root/code/kafka/kafka_2.12-1.0.0/bin/../libs/connect-runtime-1.0.0.jar:/root/code/kafka/kafka_2.12-1.0.0/bin/../libs/connect-transforms-1.0.0.jar:/root/code/kafka/kafka_2.12-1.0.0/bin/../libs/guava-20.0.jar:/root/code/kafka/kafka_2.12-1.0.0/bin/../libs/hk2-api-2.5.0-b32.jar:/root/code/kafka/kafka_2.12-1.0.0/bin/../libs/hk2-locator-2.5.0-b32.jar:/root/code/kafka/kafka_2.12-1.0.0/bin/../libs/hk2-utils-2.5.0-b32.jar:/root/code/kafka/kafka_2.12-1.0.0/bin/../libs/jackson-annotations-2.9.1.jar:/root/code/kafka/kafka_2.12-1.0.0/bin/../libs/jackson-core-2.9.1.jar:/root/code/kafka/kafka_2.12-1.0.0/bin/../libs/jackson-databind-2.9.1.jar:/root/code/kafka/kafka_2.12-1.0.0/bin/../libs/jackson-jaxrs-base-2.9.1.jar:/root/code/kafka/kafka_2.12-1.0.0/bin/../libs/jackson-jaxrs-json-provider-2.9.1.jar:/root/code/kafka/kafka_2.12-1.0.0/bin/../libs/jackson-module-jaxb-annotations-2.9.1.jar:/root/code/kafka/kafka_2.12-1.0.0/bin/../libs/javassist-3.20.0-GA.jar:/root/code/kafka/kafka_2.12-1.0.0/bin/../libs/javassist-3.21.0-GA.jar:/root/code/kafka/kafka_2.12-1.0.0/bin/../libs/javax.annotation-api-1.2.jar:/root/code/kafka/kafka_2.12-1.0.0/bin/../libs/javax.inject-1.jar:/root/code/kafka/kafka_2.12-1.0.0/bin/../libs/javax.inject-2.5.0-b32.jar:/root/code/kafka/kafka_2.12-1.0.0/bin/../libs/javax.servlet-api-3.1.0.jar:/root/code/kafka/kafka_2.12-1.0.0/bin/../libs/javax.ws.rs-api-2.0.1.jar:/root/code/kafka/kafka_2.12-1.0.0/bin/../libs/jersey-client-2.25.1.jar:/root/code/kafka/kafka_2.12-1.0.0/bin/../libs/jersey-common-2.25.1.jar:/root/code/kafka/kafka_2.12-1.0.0/bin/../libs/jersey-container-servlet-2.25.1.jar:/root/code/kafka/kafka_2.12-1.0.0/bin/../libs/jersey-container-servlet-core-2.25.1.jar:/root/code/kafka/kafka_2.12-1.0.0/bin/../libs/jersey-guava-2.25.1.jar:/root/code/kafka/kafka_2.12-1.0.0/bin/../libs/jersey-media-jaxb-2.25.1.jar:/root/code/kafka/kafka_2.12-1.0.0/bin/../libs/jersey-server-2.25.1.jar:/root/code/kafka/kafka_2.12-1.0.0/bin/../libs/jetty-continuation-9.2.22.v20170606.jar:/root/code/kafka/kafka_2.12-1.0.0/bin/../libs/jetty-http-9.2.22.v20170606.jar:/root/code/kafka/kafka_2.12-1.0.0/bin/../libs/jetty-io-9.2.22.v20170606.jar:/root/code/kafka/kafka_2.12-1.0.0/bin/../libs/jetty-security-9.2.22.v20170606.jar:/root/code/kafka/kafka_2.12-1.0.0/bin/../libs/jetty-server-9.2.22.v20170606.jar:/root/code/kafka/kafka_2.12-1.0.0/bin/../libs/jetty-servlet-9.2.22.v20170606.jar:/root/code/kafka/kafka_2.12-1.0.0/bin/../libs/jetty-servlets-9.2.22.v20170606.jar:/root/code/kafka/kafka_2.12-1.0.0/bin/../libs/jetty-util-9.2.22.v20170606.jar:/root/code/kafka/kafka_2.12-1.0.0/bin/../libs/jopt-simple-5.0.4.jar:/root/code/kafka/kafka_2.12-1.0.0/bin/../libs/kafka_2.12-1.0.0.jar:/root/code/kafka/kafka_2.12-1.0.0/bin/../libs/kafka_2.12-1.0.0-sources.jar:/root/code/kafka/kafka_2.12-1.0.0/bin/../libs/kafka_2.12-1.0.0-test-sources.jar:/root/code/kafka/kafka_2.12-1.0.0/bin/../libs/kafka-clients-1.0.0.jar:/root/code/kafka/kafka_2.12-1.0.0/bin/../libs/kafka-log4j-appender-1.0.0.jar:/root/code/kafka/kafka_2.12-1.0.0/bin/../libs/kafka-streams-1.0.0.jar:/root/code/kafka/kafka_2.12-1.0.0/bin/../libs/kafka-streams-examples-1.0.0.jar:/root/code/kafka/kafka_2.12-1.0.0/bin/../libs/kafka-tools-1.0.0.jar:/root/code/kafka/kafka_2.12-1.0.0/bin/../libs/log4j-1.2.17.jar:/root/code/kafka/kafka_2.12-1.0.0/bin/../libs/lz4-java-1.4.jar:/root/code/kafka/kafka_2.12-1.0.0/bin/../libs/maven-artifact-3.5.0.jar:/root/code/kafka/kafka_2.12-1.0.0/bin/../libs/metrics-core-2.2.0.jar:/root/code/kafka/kafka_2.12-1.0.0/bin/../libs/osgi-resource-locator-1.0.1.jar:/root/code/kafka/kafka_2.12-1.0.0/bin/../libs/plexus-utils-3.0.24.jar:/root/code/kafka/kafka_2.12-1.0.0/bin/../libs/reflections-0.9.11.jar:/root/code/kafka/kafka_2.12-1.0.0/bin/../libs/rocksdbjni-5.7.3.jar:/root/code/kafka/kafka_2.12-1.0.0/bin/../libs/scala-library-2.12.3.jar:/root/code/kafka/kafka_2.12-1.0.0/bin/../libs/slf4j-api-1.7.25.jar:/root/code/kafka/kafka_2.12-1.0.0/bin/../libs/slf4j-log4j12-1.7.25.jar:/root/code/kafka/kafka_2.12-1.0.0/bin/../libs/snappy-java-1.1.4.jar:/root/code/kafka/kafka_2.12-1.0.0/bin/../libs/validation-api-1.1.0.Final.jar:/root/code/kafka/kafka_2.12-1.0.0/bin/../libs/zkclient-0.10.jar:/root/code/kafka/kafka_2.12-1.0.0/bin/../libs/zookeeper-3.4.10.jar (org.apache.zookeeper.server.ZooKeeperServer)
[2017-12-20 17:15:31,504] INFO Server environment:java.library.path=/usr/java/packages/lib/amd64:/usr/lib64:/lib64:/lib:/usr/lib (org.apache.zookeeper.server.ZooKeeperServer)
[2017-12-20 17:15:31,504] INFO Server environment:java.io.tmpdir=/tmp (org.apache.zookeeper.server.ZooKeeperServer)
[2017-12-20 17:15:31,504] INFO Server environment:java.compiler=<NA> (org.apache.zookeeper.server.ZooKeeperServer)
[2017-12-20 17:15:31,504] INFO Server environment:os.name=Linux (org.apache.zookeeper.server.ZooKeeperServer)
[2017-12-20 17:15:31,504] INFO Server environment:os.arch=amd64 (org.apache.zookeeper.server.ZooKeeperServer)
[2017-12-20 17:15:31,504] INFO Server environment:os.version=3.10.0-693.el7.x86_64 (org.apache.zookeeper.server.ZooKeeperServer)
[2017-12-20 17:15:31,504] INFO Server environment:user.name=root (org.apache.zookeeper.server.ZooKeeperServer)
[2017-12-20 17:15:31,505] INFO Server environment:user.home=/root (org.apache.zookeeper.server.ZooKeeperServer)
[2017-12-20 17:15:31,505] INFO Server environment:user.dir=/root/code/kafka/kafka_2.12-1.0.0/bin (org.apache.zookeeper.server.ZooKeeperServer)
[2017-12-20 17:15:31,514] INFO tickTime set to 3000 (org.apache.zookeeper.server.ZooKeeperServer)
[2017-12-20 17:15:31,514] INFO minSessionTimeout set to -1 (org.apache.zookeeper.server.ZooKeeperServer)
[2017-12-20 17:15:31,514] INFO maxSessionTimeout set to -1 (org.apache.zookeeper.server.ZooKeeperServer)
[2017-12-20 17:15:31,525] INFO binding to port 0.0.0.0/0.0.0.0:2181 (org.apache.zookeeper.server.NIOServerCnxnFactory)
[2017-12-20 17:21:54,924] INFO Reading configuration from: ../config/zookeeper.properties (org.apache.zookeeper.server.quorum.QuorumPeerConfig)
[2017-12-20 17:21:54,929] INFO autopurge.snapRetainCount set to 3 (org.apache.zookeeper.server.DatadirCleanupManager)
[2017-12-20 17:21:54,929] INFO autopurge.purgeInterval set to 0 (org.apache.zookeeper.server.DatadirCleanupManager)
[2017-12-20 17:21:54,929] INFO Purge task is not scheduled. (org.apache.zookeeper.server.DatadirCleanupManager)
[2017-12-20 17:21:54,929] WARN Either no config or no quorum defined in config, running  in standalone mode (org.apache.zookeeper.server.quorum.QuorumPeerMain)
[2017-12-20 17:21:54,946] INFO Reading configuration from: ../config/zookeeper.properties (org.apache.zookeeper.server.quorum.QuorumPeerConfig)
[2017-12-20 17:21:54,946] INFO Starting server (org.apache.zookeeper.server.ZooKeeperServerMain)
[2017-12-20 17:21:55,008] INFO Server environment:zookeeper.version=3.4.10-39d3a4f269333c922ed3db283be479f9deacaa0f, built on 03/23/2017 10:13 GMT (org.apache.zookeeper.server.ZooKeeperServer)
[2017-12-20 17:21:55,009] INFO Server environment:host.name=k8s-cluster (org.apache.zookeeper.server.ZooKeeperServer)
[2017-12-20 17:21:55,009] INFO Server environment:java.version=1.8.0_151 (org.apache.zookeeper.server.ZooKeeperServer)
[2017-12-20 17:21:55,011] INFO Server environment:java.vendor=Oracle Corporation (org.apache.zookeeper.server.ZooKeeperServer)
[2017-12-20 17:21:55,011] INFO Server environment:java.home=/usr/lib/jvm/java-1.8.0-openjdk-1.8.0.151-1.b12.el7_4.x86_64/jre (org.apache.zookeeper.server.ZooKeeperServer)
[2017-12-20 17:21:55,012] INFO Server environment:java.class.path=:/root/code/kafka/kafka_2.12-1.0.0/bin/../libs/aopalliance-repackaged-2.5.0-b32.jar:/root/code/kafka/kafka_2.12-1.0.0/bin/../libs/argparse4j-0.7.0.jar:/root/code/kafka/kafka_2.12-1.0.0/bin/../libs/commons-lang3-3.5.jar:/root/code/kafka/kafka_2.12-1.0.0/bin/../libs/connect-api-1.0.0.jar:/root/code/kafka/kafka_2.12-1.0.0/bin/../libs/connect-file-1.0.0.jar:/root/code/kafka/kafka_2.12-1.0.0/bin/../libs/connect-json-1.0.0.jar:/root/code/kafka/kafka_2.12-1.0.0/bin/../libs/connect-runtime-1.0.0.jar:/root/code/kafka/kafka_2.12-1.0.0/bin/../libs/connect-transforms-1.0.0.jar:/root/code/kafka/kafka_2.12-1.0.0/bin/../libs/guava-20.0.jar:/root/code/kafka/kafka_2.12-1.0.0/bin/../libs/hk2-api-2.5.0-b32.jar:/root/code/kafka/kafka_2.12-1.0.0/bin/../libs/hk2-locator-2.5.0-b32.jar:/root/code/kafka/kafka_2.12-1.0.0/bin/../libs/hk2-utils-2.5.0-b32.jar:/root/code/kafka/kafka_2.12-1.0.0/bin/../libs/jackson-annotations-2.9.1.jar:/root/code/kafka/kafka_2.12-1.0.0/bin/../libs/jackson-core-2.9.1.jar:/root/code/kafka/kafka_2.12-1.0.0/bin/../libs/jackson-databind-2.9.1.jar:/root/code/kafka/kafka_2.12-1.0.0/bin/../libs/jackson-jaxrs-base-2.9.1.jar:/root/code/kafka/kafka_2.12-1.0.0/bin/../libs/jackson-jaxrs-json-provider-2.9.1.jar:/root/code/kafka/kafka_2.12-1.0.0/bin/../libs/jackson-module-jaxb-annotations-2.9.1.jar:/root/code/kafka/kafka_2.12-1.0.0/bin/../libs/javassist-3.20.0-GA.jar:/root/code/kafka/kafka_2.12-1.0.0/bin/../libs/javassist-3.21.0-GA.jar:/root/code/kafka/kafka_2.12-1.0.0/bin/../libs/javax.annotation-api-1.2.jar:/root/code/kafka/kafka_2.12-1.0.0/bin/../libs/javax.inject-1.jar:/root/code/kafka/kafka_2.12-1.0.0/bin/../libs/javax.inject-2.5.0-b32.jar:/root/code/kafka/kafka_2.12-1.0.0/bin/../libs/javax.servlet-api-3.1.0.jar:/root/code/kafka/kafka_2.12-1.0.0/bin/../libs/javax.ws.rs-api-2.0.1.jar:/root/code/kafka/kafka_2.12-1.0.0/bin/../libs/jersey-client-2.25.1.jar:/root/code/kafka/kafka_2.12-1.0.0/bin/../libs/jersey-common-2.25.1.jar:/root/code/kafka/kafka_2.12-1.0.0/bin/../libs/jersey-container-servlet-2.25.1.jar:/root/code/kafka/kafka_2.12-1.0.0/bin/../libs/jersey-container-servlet-core-2.25.1.jar:/root/code/kafka/kafka_2.12-1.0.0/bin/../libs/jersey-guava-2.25.1.jar:/root/code/kafka/kafka_2.12-1.0.0/bin/../libs/jersey-media-jaxb-2.25.1.jar:/root/code/kafka/kafka_2.12-1.0.0/bin/../libs/jersey-server-2.25.1.jar:/root/code/kafka/kafka_2.12-1.0.0/bin/../libs/jetty-continuation-9.2.22.v20170606.jar:/root/code/kafka/kafka_2.12-1.0.0/bin/../libs/jetty-http-9.2.22.v20170606.jar:/root/code/kafka/kafka_2.12-1.0.0/bin/../libs/jetty-io-9.2.22.v20170606.jar:/root/code/kafka/kafka_2.12-1.0.0/bin/../libs/jetty-security-9.2.22.v20170606.jar:/root/code/kafka/kafka_2.12-1.0.0/bin/../libs/jetty-server-9.2.22.v20170606.jar:/root/code/kafka/kafka_2.12-1.0.0/bin/../libs/jetty-servlet-9.2.22.v20170606.jar:/root/code/kafka/kafka_2.12-1.0.0/bin/../libs/jetty-servlets-9.2.22.v20170606.jar:/root/code/kafka/kafka_2.12-1.0.0/bin/../libs/jetty-util-9.2.22.v20170606.jar:/root/code/kafka/kafka_2.12-1.0.0/bin/../libs/jopt-simple-5.0.4.jar:/root/code/kafka/kafka_2.12-1.0.0/bin/../libs/kafka_2.12-1.0.0.jar:/root/code/kafka/kafka_2.12-1.0.0/bin/../libs/kafka_2.12-1.0.0-sources.jar:/root/code/kafka/kafka_2.12-1.0.0/bin/../libs/kafka_2.12-1.0.0-test-sources.jar:/root/code/kafka/kafka_2.12-1.0.0/bin/../libs/kafka-clients-1.0.0.jar:/root/code/kafka/kafka_2.12-1.0.0/bin/../libs/kafka-log4j-appender-1.0.0.jar:/root/code/kafka/kafka_2.12-1.0.0/bin/../libs/kafka-streams-1.0.0.jar:/root/code/kafka/kafka_2.12-1.0.0/bin/../libs/kafka-streams-examples-1.0.0.jar:/root/code/kafka/kafka_2.12-1.0.0/bin/../libs/kafka-tools-1.0.0.jar:/root/code/kafka/kafka_2.12-1.0.0/bin/../libs/log4j-1.2.17.jar:/root/code/kafka/kafka_2.12-1.0.0/bin/../libs/lz4-java-1.4.jar:/root/code/kafka/kafka_2.12-1.0.0/bin/../libs/maven-artifact-3.5.0.jar:/root/code/kafka/kafka_2.12-1.0.0/bin/../libs/metrics-core-2.2.0.jar:/root/code/kafka/kafka_2.12-1.0.0/bin/../libs/osgi-resource-locator-1.0.1.jar:/root/code/kafka/kafka_2.12-1.0.0/bin/../libs/plexus-utils-3.0.24.jar:/root/code/kafka/kafka_2.12-1.0.0/bin/../libs/reflections-0.9.11.jar:/root/code/kafka/kafka_2.12-1.0.0/bin/../libs/rocksdbjni-5.7.3.jar:/root/code/kafka/kafka_2.12-1.0.0/bin/../libs/scala-library-2.12.3.jar:/root/code/kafka/kafka_2.12-1.0.0/bin/../libs/slf4j-api-1.7.25.jar:/root/code/kafka/kafka_2.12-1.0.0/bin/../libs/slf4j-log4j12-1.7.25.jar:/root/code/kafka/kafka_2.12-1.0.0/bin/../libs/snappy-java-1.1.4.jar:/root/code/kafka/kafka_2.12-1.0.0/bin/../libs/validation-api-1.1.0.Final.jar:/root/code/kafka/kafka_2.12-1.0.0/bin/../libs/zkclient-0.10.jar:/root/code/kafka/kafka_2.12-1.0.0/bin/../libs/zookeeper-3.4.10.jar (org.apache.zookeeper.server.ZooKeeperServer)
[2017-12-20 17:21:55,013] INFO Server environment:java.library.path=/usr/java/packages/lib/amd64:/usr/lib64:/lib64:/lib:/usr/lib (org.apache.zookeeper.server.ZooKeeperServer)
[2017-12-20 17:21:55,013] INFO Server environment:java.io.tmpdir=/tmp (org.apache.zookeeper.server.ZooKeeperServer)
[2017-12-20 17:21:55,013] INFO Server environment:java.compiler=<NA> (org.apache.zookeeper.server.ZooKeeperServer)
[2017-12-20 17:21:55,014] INFO Server environment:os.name=Linux (org.apache.zookeeper.server.ZooKeeperServer)
[2017-12-20 17:21:55,014] INFO Server environment:os.arch=amd64 (org.apache.zookeeper.server.ZooKeeperServer)
[2017-12-20 17:21:55,014] INFO Server environment:os.version=3.10.0-693.el7.x86_64 (org.apache.zookeeper.server.ZooKeeperServer)
[2017-12-20 17:21:55,014] INFO Server environment:user.name=root (org.apache.zookeeper.server.ZooKeeperServer)
[2017-12-20 17:21:55,014] INFO Server environment:user.home=/root (org.apache.zookeeper.server.ZooKeeperServer)
[2017-12-20 17:21:55,014] INFO Server environment:user.dir=/root/code/kafka/kafka_2.12-1.0.0/bin (org.apache.zookeeper.server.ZooKeeperServer)
[2017-12-20 17:21:55,041] INFO tickTime set to 3000 (org.apache.zookeeper.server.ZooKeeperServer)
[2017-12-20 17:21:55,042] INFO minSessionTimeout set to -1 (org.apache.zookeeper.server.ZooKeeperServer)
[2017-12-20 17:21:55,042] INFO maxSessionTimeout set to -1 (org.apache.zookeeper.server.ZooKeeperServer)
[2017-12-20 17:21:55,058] INFO binding to port 0.0.0.0/0.0.0.0:2181 (org.apache.zookeeper.server.NIOServerCnxnFactory)
